This is pdfTeX, Version 3.14159265-2.6-1.40.15 (TeX Live 2014) (preloaded format=latex 2014.6.24)  18 MAY 2015 13:53
entering extended mode
 restricted \write18 enabled.
 %&-line parsing enabled.
**LayoutStorageOpt.tex
(./LayoutStorageOpt.tex
LaTeX2e <2014/05/01>
Babel <3.9k> and hyphenation patterns for 78 languages loaded.
(./acmsmall.cls
Document Class: acmsmall 2012/03/05, fonts included on 28 June 2010
(/usr/local/texlive/2014/texmf-dist/tex/latex/url/url.sty
\Urlmuskip=\muskip10
Package: url 2013/09/16  ver 3.4  Verb mode for urls, etc.
)
ACM, Production Font style: 2010/06/28 by Aptara

Using ACM, TODAES option: 2010/05/04 by Aptara

(/usr/local/texlive/2014/texmf-dist/tex/latex/base/latexsym.sty
Package: latexsym 1998/08/17 v2.2e Standard LaTeX package (lasy symbols)
\symlasy=\mathgroup4
LaTeX Font Info:    Overwriting symbol font `lasy' in version `bold'
(Font)                  U/lasy/m/n --> U/lasy/b/n on input line 47.
)
(/usr/local/texlive/2014/texmf-dist/tex/latex/graphics/color.sty
Package: color 2014/04/23 v1.1a Standard LaTeX Color (DPC)

(/usr/local/texlive/2014/texmf-dist/tex/latex/latexconfig/color.cfg
File: color.cfg 2007/01/18 v1.5 color configuration of teTeX/TeXLive
)
Package color Info: Driver file: dvips.def on input line 137.

(/usr/local/texlive/2014/texmf-dist/tex/latex/graphics/dvips.def
File: dvips.def 2014/04/23 v3.0j Driver-dependant file (DPC,SPQR)
)
(/usr/local/texlive/2014/texmf-dist/tex/latex/graphics/dvipsnam.def
File: dvipsnam.def 2014/04/23 v3.0j Driver-dependant file (DPC,SPQR)
))
(/usr/local/texlive/2014/texmf-dist/tex/latex/graphics/graphicx.sty
Package: graphicx 2014/04/25 v1.0g Enhanced LaTeX Graphics (DPC,SPQR)

(/usr/local/texlive/2014/texmf-dist/tex/latex/graphics/keyval.sty
Package: keyval 2014/05/08 v1.15 key=value parser (DPC)
\KV@toks@=\toks14
)
(/usr/local/texlive/2014/texmf-dist/tex/latex/graphics/graphics.sty
Package: graphics 2009/02/05 v1.0o Standard LaTeX Graphics (DPC,SPQR)

(/usr/local/texlive/2014/texmf-dist/tex/latex/graphics/trig.sty
Package: trig 1999/03/16 v1.09 sin cos tan (DPC)
)
(/usr/local/texlive/2014/texmf-dist/tex/latex/latexconfig/graphics.cfg
File: graphics.cfg 2010/04/23 v1.9 graphics configuration of TeX Live
)
Package graphics Info: Driver file: dvips.def on input line 91.
)
\Gin@req@height=\dimen102
\Gin@req@width=\dimen103
)
Document Class `acmsmall' Electronic Submissions v1.4 <July 09, 2012> (ACM).
\@firstpg=\count79
\@lastpg=\count80
\trimheight=\dimen104
\trimwidth=\dimen105
\normaltextheight=\dimen106
\tempdimen=\dimen107
\tempbox=\box26
\tbbox=\box27
\tabledim=\dimen108
\symnewlargesymbols=\mathgroup5
LaTeX Font Info:    Redeclaring math symbol \bigsqcup on input line 2319.
\normalparindent=\dimen109
\footheight=\skip41
\@maxsep=\skip42
\@dblmaxsep=\skip43
\@totalpg=\count81
\@abstract=\box28
\@permissionbox=\box29
\c@part=\count82
\c@section=\count83
\c@subsection=\count84
\c@subsubsection=\count85
\c@paragraph=\count86
\enumdim=\dimen110
\c@theorem=\count87
\belowcaptionskip=\skip44
\abovecaptionskip=\skip45
\c@figure=\count88
\c@table=\count89
\@narrowfig=\dimen111
\@nfigbox=\box30
\@nfcapbox=\box31
\@nfigbox=\box32
\@nfcapbox=\box33
\bibindent=\dimen112
LaTeX Font Info:    Overwriting math alphabet `\mathbb' in version `normal'
(Font)                  OT1/ams/bx/n --> OT1/ams/bx/n on input line 3901.
LaTeX Font Info:    Overwriting math alphabet `\mathbb' in version `bold'
(Font)                  OT1/ams/bx/n --> OT1/ams/bx/n on input line 3902.
) (./algorithm2e.sty
Package: algorithm2e 2008/00/00 v3.10 algorithms environments
\c@AlgoLine=\count90

(/usr/local/texlive/2014/texmf-dist/tex/latex/base/ifthen.sty
Package: ifthen 2001/05/26 v1.1c Standard LaTeX ifthen package (DPC)
)
(/usr/local/texlive/2014/texmf-dist/tex/latex/tools/xspace.sty
Package: xspace 2009/10/20 v1.13 Space after command names (DPC,MH)
)
(/usr/local/texlive/2014/texmf-dist/tex/latex/relsize/relsize.sty
Package: relsize 2013/03/29 ver 4.1
)
********************************************************
Package `algorithm2e' Release 4.01 -- december 14 2009 --
- algorithm2e-announce@lirmm.fr mailing list for announcement about releases
- algorithm2e-discussion@lirmm.fr mailing list for discussion about package
subscribe by emailing sympa@lirmm.fr with 'subscribe <list> <firstname name>'
- Author: Christophe Fiorio (fiorio@lirmm.fr)
********************************************************
\skiptotal=\skip46
\skiplinenumber=\skip47
\skiprule=\skip48
\skiphlne=\skip49
\skiptext=\skip50
\skiplength=\skip51
\algomargin=\skip52
\skipalgocfslide=\skip53
\algowidth=\dimen113
\inoutsize=\dimen114
\inoutline=\dimen115
\interspacetitleruled=\dimen116
\interspacealgoruled=\dimen117
\interspacetitleboxruled=\dimen118
\algocf@inoutbox=\box34
\algocf@inputbox=\box35
\AlCapSkip=\skip54
\AlCapHSkip=\skip55
\algocf@nlbox=\box36
\algocf@hangingbox=\box37
\algocf@capbox=\box38
\algoheightruledefault=\skip56
\algoheightrule=\skip57
\algotitleheightruledefault=\skip58
\algotitleheightrule=\skip59
\c@algocfline=\count91
\c@algocfproc=\count92
\c@algocf=\count93
\algocf@algoframe=\box39
\algocf@algobox=\box40
) (./LayoutStorageOpt.aux)
\openout1 = `LayoutStorageOpt.aux'.

LaTeX Font Info:    Checking defaults for OML/cmm/m/it on input line 25.
LaTeX Font Info:    ... okay on input line 25.
LaTeX Font Info:    Checking defaults for T1/cmr/m/n on input line 25.
LaTeX Font Info:    ... okay on input line 25.
LaTeX Font Info:    Checking defaults for OT1/cmr/m/n on input line 25.
LaTeX Font Info:    ... okay on input line 25.
LaTeX Font Info:    Checking defaults for OMS/cmsy/m/n on input line 25.
LaTeX Font Info:    ... okay on input line 25.
LaTeX Font Info:    Checking defaults for OMX/cmex/m/n on input line 25.
LaTeX Font Info:    ... okay on input line 25.
LaTeX Font Info:    Checking defaults for U/cmr/m/n on input line 25.
LaTeX Font Info:    ... okay on input line 25.
LaTeX Font Info:    Try loading font information for OT1+pnc on input line 25.

(/usr/local/texlive/2014/texmf-dist/tex/latex/psnfss/ot1pnc.fd
File: ot1pnc.fd 2001/06/04 font definitions for OT1/pnc.
)
LaTeX Font Info:    Try loading font information for OT1+phv on input line 66.

(/usr/local/texlive/2014/texmf-dist/tex/latex/psnfss/ot1phv.fd
File: ot1phv.fd 2001/06/04 scalable font definitions for OT1/phv.
)
LaTeX Font Info:    Font shape `OT1/phv/bx/n' in size <12> not available
(Font)              Font shape `OT1/phv/b/n' tried instead on input line 66.
LaTeX Font Info:    Font shape `OT1/pnc/bx/n' in size <8> not available
(Font)              Font shape `OT1/pnc/b/n' tried instead on input line 66.
LaTeX Font Info:    Font shape `OT1/phv/bx/n' in size <9> not available
(Font)              Font shape `OT1/phv/b/n' tried instead on input line 68.

Underfull \vbox (badness 1721) has occurred while \output is active []


Overfull \vbox (72.27pt too high) has occurred while \output is active []

 [1

]
LaTeX Font Info:    External font `cmex10' loaded for size
(Font)              <7> on input line 99.
LaTeX Font Info:    External font `cmex10' loaded for size
(Font)              <5> on input line 99.
LaTeX Font Info:    Try loading font information for U+lasy on input line 99.

(/usr/local/texlive/2014/texmf-dist/tex/latex/base/ulasy.fd
File: ulasy.fd 1998/08/17 v2.2e LaTeX symbol font definitions
)
LaTeX Font Info:    Font shape `OT1/pnc/bx/n' in size <9> not available
(Font)              Font shape `OT1/pnc/b/n' tried instead on input line 105.
LaTeX Font Info:    External font `cmex10' loaded for size
(Font)              <9> on input line 105.
LaTeX Font Info:    External font `cmex10' loaded for size
(Font)              <6> on input line 105.
LaTeX Font Info:    Font shape `OT1/pnc/bx/n' in size <10> not available
(Font)              Font shape `OT1/pnc/b/n' tried instead on input line 106.
File: Images/motivation.eps Graphic file (type eps)

<Images/motivation.eps>
Overfull \hbox (9.515pt too wide) in paragraph at lines 121--122
 [][] 
 []


LaTeX Warning: Citation `filippopoulos2013exploration' on page 2 undefined on i
nput line 135.

[2] [3]

LaTeX Warning: Citation `abraham1999automatic' on page 4 undefined on input lin
e 154.


LaTeX Warning: Citation `jacob1996analytical' on page 4 undefined on input line
 154.


LaTeX Warning: Citation `li1999hardware' on page 4 undefined on input line 154.



LaTeX Warning: Citation `chen1999loop' on page 4 undefined on input line 155.


LaTeX Warning: Citation `grun2000mist' on page 4 undefined on input line 155.


LaTeX Warning: Citation `jantsch1994hardware' on page 4 undefined on input line
 155.


LaTeX Warning: Citation `passes1995multi' on page 4 undefined on input line 155
.


LaTeX Warning: Citation `kandemir2001improving' on page 4 undefined on input li
ne 156.


LaTeX Warning: Citation `schmit1997synthesis' on page 4 undefined on input line
 157.


LaTeX Warning: Citation `oshima1997high' on page 4 undefined on input line 157.



Underfull \vbox (badness 10000) has occurred while \output is active []

 [4]
File: Images/Workflow.eps Graphic file (type eps)

<Images/Workflow.eps> [5]
File: Images/Architecture.eps Graphic file (type eps)
 <Images/Architecture.eps> [6]
LaTeX Font Info:    External font `cmex10' loaded for size
(Font)              <8> on input line 288.
File: Images/Example.eps Graphic file (type eps)
 <Images/Example.eps>
File: Images/sor.eps Graphic file (type eps)

<Images/sor.eps>
File: Images/fft.eps Graphic file (type eps)
 <Images/fft.eps>
File: Images/mest.eps Graphic file (type eps)
 <Images/mest.eps> [7] (./LayoutStorageOpt.bbl
Underfull \hbox (badness 1454) in paragraph at lines 38--47
\OT1/pnc/m/n/8 mem-ory hi-er-ar-chy gen-er-a-tion. \OT1/pnc/m/it/8 De-sign Test
 of Com-put-ers, IEEE \OT1/pnc/m/n/8 17, 2 (apr-jun 2000), 74 --85.
 []


Underfull \hbox (badness 4518) in paragraph at lines 88--95
\OT1/pnc/m/n/8 2012. Memory-aware sys-tem sce-nario ap-proach en-ergy im-pact. 
In \OT1/pnc/m/it/8 NORCHIP, 2012\OT1/pnc/m/n/8 . 1 --6.
 []


Underfull \vbox (badness 1478) has occurred while \output is active []

 [8]
Underfull \hbox (badness 2512) in paragraph at lines 149--155
[]\OT1/pnc/m/n/8 E. Ham-mari, F. Catthoor, J. Huisken, and P G Kjelds-berg. 201
0. Ap-pli-ca-tion of medium-grain
 []


Underfull \hbox (badness 1603) in paragraph at lines 149--155
\OT1/pnc/m/n/8 mul-ti-pro-ces-sor map-ping method-ol-ogy to epilep-tic seizure 
pre-dic-tor. In \OT1/pnc/m/it/8 NORCHIP, 2010\OT1/pnc/m/n/8 . 1 --6.
 []


Underfull \hbox (badness 3128) in paragraph at lines 256--264
[]\OT1/pnc/m/n/8 M. Palkovic, H. Cor-po-raal, and F. Catthoor. 2007. Heuris-tic
s for Sce-nario Cre-ation to En-able
 []


Underfull \hbox (badness 2913) in paragraph at lines 256--264
\OT1/pnc/m/n/8 Gen-eral Loop Trans-for-ma-tions. In \OT1/pnc/m/it/8 System-on-C
hip, 2007 In-ter-na-tional Sym-po-sium on\OT1/pnc/m/n/8 . 1 --4.
 []


Underfull \hbox (badness 2486) in paragraph at lines 300--307
[]\OT1/pnc/m/n/8 T. Simu-nic, L. Benini, and G. De Micheli. 1999. Cycle-accurat
e sim-u-la-tion of en-ergy con-sump-
 []

) [9] (./LayoutStorageOpt.aux) ) 
Here is how much of TeX's memory you used:
 2595 strings out of 493118
 32883 string characters out of 6135459
 111538 words of memory out of 5000000
 6058 multiletter control sequences out of 15000+600000
 15814 words of font info for 48 fonts, out of 8000000 for 9000
 1141 hyphenation exceptions out of 8191
 32i,11n,27p,1687b,487s stack positions out of 5000i,500n,10000p,200000b,80000s

Output written on LayoutStorageOpt.dvi (9 pages, 37212 bytes).
